This file contains any messages produced by compilers while
running configure, to aid debugging if configure makes a mistake.

It was created by gocr configure 0.52, which was
generated by GNU Autoconf 2.69.  Invocation command line was

  $ ./configure --prefix=/usr

## --------- ##
## Platform. ##
## --------- ##

hostname = didactylos
uname -m = x86_64
uname -r = 5.0.6-arch1-1-ARCH
uname -s = Linux
uname -v = #1 SMP PREEMPT Wed Apr 3 09:35:20 UTC 2019

/usr/bin/uname -p = unknown
/bin/uname -X     = unknown

/bin/arch              = unknown
/usr/bin/arch -k       = unknown
/usr/convex/getsysinfo = unknown
/usr/bin/hostinfo      = unknown
/bin/machine           = unknown
/usr/bin/oslevel       = unknown
/bin/universe          = unknown

PATH: /home/eschwartz/bin
PATH: /home/eschwartz/.local/bin
PATH: /usr/local/sbin
PATH: /usr/local/bin
PATH: /usr/bin
PATH: /usr/lib/jvm/default/bin
PATH: /usr/bin/site_perl
PATH: /usr/bin/vendor_perl
PATH: /usr/bin/core_perl


## ----------- ##
## Core tests. ##
## ----------- ##

configure:2142: checking for gcc
configure:2158: found /usr/bin/gcc
configure:2169: result: gcc
configure:2398: checking for C compiler version
configure:2407: gcc --version >&5
gcc (GCC) 8.2.1 20181127
Copyright (C) 2018 Free Software Foundation, Inc.
This is free software; see the source for copying conditions.  There is NO
warranty; not even for MERCHANTABILITY or FITNESS FOR A PARTICULAR PURPOSE.

configure:2418: $? = 0
configure:2407: gcc -v >&5
Using built-in specs.
COLLECT_GCC=gcc
COLLECT_LTO_WRAPPER=/usr/lib/gcc/x86_64-pc-linux-gnu/8.2.1/lto-wrapper
Target: x86_64-pc-linux-gnu
Configured with: /build/gcc/src/gcc/configure --prefix=/usr --libdir=/usr/lib --libexecdir=/usr/lib --mandir=/usr/share/man --infodir=/usr/share/info --with-bugurl=https://bugs.archlinux.org/ --enable-languages=c,c++,ada,fortran,go,lto,objc,obj-c++ --enable-shared --enable-threads=posix --enable-libmpx --with-system-zlib --with-isl --enable-__cxa_atexit --disable-libunwind-exceptions --enable-clocale=gnu --disable-libstdcxx-pch --disable-libssp --enable-gnu-unique-object --enable-linker-build-id --enable-lto --enable-plugin --enable-install-libiberty --with-linker-hash-style=gnu --enable-gnu-indirect-function --enable-multilib --disable-werror --enable-checking=release --enable-default-pie --enable-default-ssp --enable-cet=auto
Thread model: posix
gcc version 8.2.1 20181127 (GCC) 
configure:2418: $? = 0
configure:2407: gcc -V >&5
gcc: error: unrecognized command line option '-V'
gcc: fatal error: no input files
compilation terminated.
configure:2418: $? = 1
configure:2407: gcc -qversion >&5
gcc: error: unrecognized command line option '-qversion'; did you mean '--version'?
gcc: fatal error: no input files
compilation terminated.
configure:2418: $? = 1
configure:2438: checking whether the C compiler works
configure:2460: gcc    conftest.c  >&5
configure:2464: $? = 0
configure:2512: result: yes
configure:2515: checking for C compiler default output file name
configure:2517: result: a.out
configure:2523: checking for suffix of executables
configure:2530: gcc -o conftest    conftest.c  >&5
configure:2534: $? = 0
configure:2556: result: 
configure:2578: checking whether we are cross compiling
configure:2586: gcc -o conftest    conftest.c  >&5
configure:2590: $? = 0
configure:2597: ./conftest
configure:2601: $? = 0
configure:2616: result: no
configure:2621: checking for suffix of object files
configure:2643: gcc -c   conftest.c >&5
configure:2647: $? = 0
configure:2668: result: o
configure:2672: checking whether we are using the GNU C compiler
configure:2691: gcc -c   conftest.c >&5
configure:2691: $? = 0
configure:2700: result: yes
configure:2709: checking whether gcc accepts -g
configure:2729: gcc -c -g  conftest.c >&5
configure:2729: $? = 0
configure:2770: result: yes
configure:2787: checking for gcc option to accept ISO C89
configure:2850: gcc  -c -g -O2  conftest.c >&5
configure:2850: $? = 0
configure:2863: result: none needed
configure:2926: checking for a BSD-compatible install
configure:2994: result: /usr/bin/install -c
configure:3005: checking whether make sets $(MAKE)
configure:3027: result: yes
configure:3065: checking for library containing pnm_readpnminit
configure:3096: gcc -o conftest -g -O2  -lm  conftest.c  >&5
/usr/bin/ld: /tmp/cc0yQU9m.o: in function `main':
/var/cache/svnrepos/community/gocr/trunk/src/gocr-0.52/conftest.c:20: undefined reference to `pnm_readpnminit'
collect2: error: ld returned 1 exit status
configure:3096: $? = 1
configure: failed program was:
| /* confdefs.h */
| #define PACKAGE_NAME "gocr"
| #define PACKAGE_TARNAME "gocr"
| #define PACKAGE_VERSION "0.52"
| #define PACKAGE_STRING "gocr 0.52"
| #define PACKAGE_BUGREPORT ""
| #define PACKAGE_URL ""
| /* end confdefs.h.  */
| 
| /* Override any GCC internal prototype to avoid an error.
|    Use char because int might match the return type of a GCC
|    builtin and then its argument prototype would still apply.  */
| #ifdef __cplusplus
| extern "C"
| #endif
| char pnm_readpnminit ();
| int
| main ()
| {
| return pnm_readpnminit ();
|   ;
|   return 0;
| }
configure:3096: gcc -o conftest -g -O2  -lm  conftest.c -lnetpbm   >&5
/usr/bin/ld: cannot find -lnetpbm
collect2: error: ld returned 1 exit status
configure:3096: $? = 1
configure: failed program was:
| /* confdefs.h */
| #define PACKAGE_NAME "gocr"
| #define PACKAGE_TARNAME "gocr"
| #define PACKAGE_VERSION "0.52"
| #define PACKAGE_STRING "gocr 0.52"
| #define PACKAGE_BUGREPORT ""
| #define PACKAGE_URL ""
| /* end confdefs.h.  */
| 
| /* Override any GCC internal prototype to avoid an error.
|    Use char because int might match the return type of a GCC
|    builtin and then its argument prototype would still apply.  */
| #ifdef __cplusplus
| extern "C"
| #endif
| char pnm_readpnminit ();
| int
| main ()
| {
| return pnm_readpnminit ();
|   ;
|   return 0;
| }
configure:3096: gcc -o conftest -g -O2  -lm  conftest.c -lpnm   >&5
/usr/bin/ld: cannot find -lpnm
collect2: error: ld returned 1 exit status
configure:3096: $? = 1
configure: failed program was:
| /* confdefs.h */
| #define PACKAGE_NAME "gocr"
| #define PACKAGE_TARNAME "gocr"
| #define PACKAGE_VERSION "0.52"
| #define PACKAGE_STRING "gocr 0.52"
| #define PACKAGE_BUGREPORT ""
| #define PACKAGE_URL ""
| /* end confdefs.h.  */
| 
| /* Override any GCC internal prototype to avoid an error.
|    Use char because int might match the return type of a GCC
|    builtin and then its argument prototype would still apply.  */
| #ifdef __cplusplus
| extern "C"
| #endif
| char pnm_readpnminit ();
| int
| main ()
| {
| return pnm_readpnminit ();
|   ;
|   return 0;
| }
configure:3113: result: no
configure:3130: checking how to run the C preprocessor
configure:3161: gcc -E  conftest.c
configure:3161: $? = 0
configure:3175: gcc -E  conftest.c
conftest.c:9:10: fatal error: ac_nonexistent.h: No such file or directory
 #include <ac_nonexistent.h>
          ^~~~~~~~~~~~~~~~~~
compilation terminated.
configure:3175: $? = 1
configure: failed program was:
| /* confdefs.h */
| #define PACKAGE_NAME "gocr"
| #define PACKAGE_TARNAME "gocr"
| #define PACKAGE_VERSION "0.52"
| #define PACKAGE_STRING "gocr 0.52"
| #define PACKAGE_BUGREPORT ""
| #define PACKAGE_URL ""
| /* end confdefs.h.  */
| #include <ac_nonexistent.h>
configure:3200: result: gcc -E
configure:3220: gcc -E  conftest.c
configure:3220: $? = 0
configure:3234: gcc -E  conftest.c
conftest.c:9:10: fatal error: ac_nonexistent.h: No such file or directory
 #include <ac_nonexistent.h>
          ^~~~~~~~~~~~~~~~~~
compilation terminated.
configure:3234: $? = 1
configure: failed program was:
| /* confdefs.h */
| #define PACKAGE_NAME "gocr"
| #define PACKAGE_TARNAME "gocr"
| #define PACKAGE_VERSION "0.52"
| #define PACKAGE_STRING "gocr 0.52"
| #define PACKAGE_BUGREPORT ""
| #define PACKAGE_URL ""
| /* end confdefs.h.  */
| #include <ac_nonexistent.h>
configure:3263: checking for grep that handles long lines and -e
configure:3321: result: /usr/bin/grep
configure:3326: checking for egrep
configure:3388: result: /usr/bin/grep -E
configure:3393: checking for ANSI C header files
configure:3413: gcc -c -g -O2  conftest.c >&5
configure:3413: $? = 0
configure:3486: gcc -o conftest -g -O2  -lm  conftest.c  >&5
configure:3486: $? = 0
configure:3486: ./conftest
configure:3486: $? = 0
configure:3497: result: yes
configure:3510: checking for sys/types.h
configure:3510: gcc -c -g -O2  conftest.c >&5
configure:3510: $? = 0
configure:3510: result: yes
configure:3510: checking for sys/stat.h
configure:3510: gcc -c -g -O2  conftest.c >&5
configure:3510: $? = 0
configure:3510: result: yes
configure:3510: checking for stdlib.h
configure:3510: gcc -c -g -O2  conftest.c >&5
configure:3510: $? = 0
configure:3510: result: yes
configure:3510: checking for string.h
configure:3510: gcc -c -g -O2  conftest.c >&5
configure:3510: $? = 0
configure:3510: result: yes
configure:3510: checking for memory.h
configure:3510: gcc -c -g -O2  conftest.c >&5
configure:3510: $? = 0
configure:3510: result: yes
configure:3510: checking for strings.h
configure:3510: gcc -c -g -O2  conftest.c >&5
configure:3510: $? = 0
configure:3510: result: yes
configure:3510: checking for inttypes.h
configure:3510: gcc -c -g -O2  conftest.c >&5
configure:3510: $? = 0
configure:3510: result: yes
configure:3510: checking for stdint.h
configure:3510: gcc -c -g -O2  conftest.c >&5
configure:3510: $? = 0
configure:3510: result: yes
configure:3510: checking for unistd.h
configure:3510: gcc -c -g -O2  conftest.c >&5
configure:3510: $? = 0
configure:3510: result: yes
configure:3525: checking for unistd.h
configure:3525: result: yes
configure:3525: checking wchar.h usability
configure:3525: gcc -c -g -O2  conftest.c >&5
configure:3525: $? = 0
configure:3525: result: yes
configure:3525: checking wchar.h presence
configure:3525: gcc -E  conftest.c
configure:3525: $? = 0
configure:3525: result: yes
configure:3525: checking for wchar.h
configure:3525: result: yes
configure:3536: checking for an ANSI C-conforming const
configure:3602: gcc -c -g -O2  conftest.c >&5
configure:3602: $? = 0
configure:3609: result: yes
configure:3628: checking for wcschr
configure:3628: gcc -o conftest -g -O2  -lm  conftest.c  >&5
configure:3628: $? = 0
configure:3628: result: yes
configure:3628: checking for wcsdup
configure:3628: gcc -o conftest -g -O2  -lm  conftest.c  >&5
configure:3628: $? = 0
configure:3628: result: yes
configure:3628: checking for gettimeofday
configure:3628: gcc -o conftest -g -O2  -lm  conftest.c  >&5
configure:3628: $? = 0
configure:3628: result: yes
configure:3628: checking for popen
configure:3628: gcc -o conftest -g -O2  -lm  conftest.c  >&5
configure:3628: $? = 0
configure:3628: result: yes
configure:3755: creating ./config.status

## ---------------------- ##
## Running config.status. ##
## ---------------------- ##

This file was extended by gocr config.status 0.52, which was
generated by GNU Autoconf 2.69.  Invocation command line was

  CONFIG_FILES    = 
  CONFIG_HEADERS  = 
  CONFIG_LINKS    = 
  CONFIG_COMMANDS = 
  $ ./config.status 

on didactylos

config.status:811: creating Makefile
config.status:811: creating src/Makefile
config.status:811: creating doc/Makefile
config.status:811: creating man/Makefile
config.status:914: WARNING:  'man/Makefile.in' seems to ignore the --datarootdir setting
config.status:811: creating include/config.h
config.status:986: include/config.h is unchanged

## ---------------- ##
## Cache variables. ##
## ---------------- ##

ac_cv_c_compiler_gnu='yes'
ac_cv_c_const='yes'
ac_cv_env_CC_set=''
ac_cv_env_CC_value=''
ac_cv_env_CFLAGS_set=''
ac_cv_env_CFLAGS_value=''
ac_cv_env_CPPFLAGS_set=''
ac_cv_env_CPPFLAGS_value=''
ac_cv_env_CPP_set=''
ac_cv_env_CPP_value=''
ac_cv_env_LDFLAGS_set=''
ac_cv_env_LDFLAGS_value=''
ac_cv_env_LIBS_set=''
ac_cv_env_LIBS_value=''
ac_cv_env_build_alias_set=''
ac_cv_env_build_alias_value=''
ac_cv_env_host_alias_set=''
ac_cv_env_host_alias_value=''
ac_cv_env_target_alias_set=''
ac_cv_env_target_alias_value=''
ac_cv_func_gettimeofday='yes'
ac_cv_func_popen='yes'
ac_cv_func_setvbuf_reversed='no'
ac_cv_func_wcschr='yes'
ac_cv_func_wcsdup='yes'
ac_cv_header_inttypes_h='yes'
ac_cv_header_memory_h='yes'
ac_cv_header_stdc='yes'
ac_cv_header_stdint_h='yes'
ac_cv_header_stdlib_h='yes'
ac_cv_header_string_h='yes'
ac_cv_header_strings_h='yes'
ac_cv_header_sys_stat_h='yes'
ac_cv_header_sys_types_h='yes'
ac_cv_header_unistd_h='yes'
ac_cv_header_wchar_h='yes'
ac_cv_objext='o'
ac_cv_path_EGREP='/usr/bin/grep -E'
ac_cv_path_GREP='/usr/bin/grep'
ac_cv_path_install='/usr/bin/install -c'
ac_cv_prog_CPP='gcc -E'
ac_cv_prog_ac_ct_CC='gcc'
ac_cv_prog_cc_c89=''
ac_cv_prog_cc_g='yes'
ac_cv_prog_make_make_set='yes'
ac_cv_search_pnm_readpnminit='no'

## ----------------- ##
## Output variables. ##
## ----------------- ##

CC='gcc'
CFLAGS='-g -O2'
CPP='gcc -E'
CPPFLAGS=''
DEFS='-DHAVE_CONFIG_H'
ECHO_C=''
ECHO_N='-n'
ECHO_T=''
EGREP='/usr/bin/grep -E'
EXEEXT=''
GREP='/usr/bin/grep'
INSTALL_DATA='${INSTALL} -m 644'
INSTALL_PROGRAM='${INSTALL}'
INSTALL_SCRIPT='${INSTALL}'
LDFLAGS='-lm '
LIBOBJS=''
LIBS=''
LTLIBOBJS=''
OBJEXT='o'
PACKAGE_BUGREPORT=''
PACKAGE_NAME='gocr'
PACKAGE_STRING='gocr 0.52'
PACKAGE_TARNAME='gocr'
PACKAGE_URL=''
PACKAGE_VERSION='0.52'
PATH_SEPARATOR=':'
SET_MAKE=''
SHELL='/bin/sh'
ac_ct_CC='gcc'
bindir='${exec_prefix}/bin'
build_alias=''
datadir='${datarootdir}'
datarootdir='${prefix}/share'
docdir='${datarootdir}/doc/${PACKAGE_TARNAME}'
dvidir='${docdir}'
exec_prefix='${prefix}'
host_alias=''
htmldir='${docdir}'
includedir='${prefix}/include'
infodir='${datarootdir}/info'
libdir='${exec_prefix}/lib'
libexecdir='${exec_prefix}/libexec'
localedir='${datarootdir}/locale'
localstatedir='${prefix}/var'
mandir='${datarootdir}/man'
oldincludedir='/usr/include'
pdfdir='${docdir}'
prefix='/usr'
program_transform_name='s,x,x,'
psdir='${docdir}'
sbindir='${exec_prefix}/sbin'
sharedstatedir='${prefix}/com'
sysconfdir='${prefix}/etc'
target_alias=''

## ----------- ##
## confdefs.h. ##
## ----------- ##

/* confdefs.h */
#define PACKAGE_NAME "gocr"
#define PACKAGE_TARNAME "gocr"
#define PACKAGE_VERSION "0.52"
#define PACKAGE_STRING "gocr 0.52"
#define PACKAGE_BUGREPORT ""
#define PACKAGE_URL ""
#define STDC_HEADERS 1
#define HAVE_SYS_TYPES_H 1
#define HAVE_SYS_STAT_H 1
#define HAVE_STDLIB_H 1
#define HAVE_STRING_H 1
#define HAVE_MEMORY_H 1
#define HAVE_STRINGS_H 1
#define HAVE_INTTYPES_H 1
#define HAVE_STDINT_H 1
#define HAVE_UNISTD_H 1
#define HAVE_UNISTD_H 1
#define HAVE_WCHAR_H 1
#define HAVE_WCSCHR 1
#define HAVE_WCSDUP 1
#define HAVE_GETTIMEOFDAY 1
#define HAVE_POPEN 1

configure: exit 0
